d:\code\github\huhu-for-windows\huhu-for-windows\release\huhu-for-windows.pch
d:\code\github\huhu-for-windows\huhu-for-windows\release\vc141.pdb
d:\code\github\huhu-for-windows\huhu-for-windows\release\stdafx.obj
d:\code\github\huhu-for-windows\huhu-for-windows\release\huhu-for-windowsdlg.obj
d:\code\github\huhu-for-windows\huhu-for-windows\release\huhu-for-windows.obj
d:\code\github\huhu-for-windows\release\huhu-for-windows.ipdb
d:\code\github\huhu-for-windows\release\huhu-for-windows.iobj
d:\code\github\huhu-for-windows\release\huhu-for-windows.exe
d:\code\github\huhu-for-windows\release\huhu-for-windows.pdb
d:\code\github\huhu-for-windows\huhu-for-windows\release\huhuforwindows.res
d:\code\github\huhu-for-windows\huhu-for-windows\release\huhu-for-windows.tlog\cl.command.1.tlog
d:\code\github\huhu-for-windows\huhu-for-windows\release\huhu-for-windows.tlog\cl.read.1.tlog
d:\code\github\huhu-for-windows\huhu-for-windows\release\huhu-for-windows.tlog\cl.write.1.tlog
d:\code\github\huhu-for-windows\huhu-for-windows\release\huhu-for-windows.tlog\huhu-for-windows.write.1u.tlog
d:\code\github\huhu-for-windows\huhu-for-windows\release\huhu-for-windows.tlog\link.command.1.tlog
d:\code\github\huhu-for-windows\huhu-for-windows\release\huhu-for-windows.tlog\link.read.1.tlog
d:\code\github\huhu-for-windows\huhu-for-windows\release\huhu-for-windows.tlog\link.write.1.tlog
d:\code\github\huhu-for-windows\huhu-for-windows\release\huhu-for-windows.tlog\rc.command.1.tlog
d:\code\github\huhu-for-windows\huhu-for-windows\release\huhu-for-windows.tlog\rc.read.1.tlog
d:\code\github\huhu-for-windows\huhu-for-windows\release\huhu-for-windows.tlog\rc.write.1.tlog
